CRITICAL - 2023-10-26 16:08:09 --> Invalid file: "portofolio.php"
in SYSTEMPATH\Exceptions\FrameworkException.php on line 39.
 1 SYSTEMPATH\View\View.php(214): CodeIgniter\Exceptions\FrameworkException::forInvalidFile('portofolio.php')
 2 SYSTEMPATH\Common.php(1188): CodeIgniter\View\View->render('portofolio', [], true)
 3 APPPATH\Controllers\Portofolio.php(9): view('portofolio')
 4 SYSTEMPATH\CodeIgniter.php(919): App\Controllers\Portofolio->index()
 5 SYSTEMPATH\CodeIgniter.php(494): CodeIgniter\CodeIgniter->runController(Object(App\Controllers\Portofolio))
 6 SYSTEMPATH\CodeIgniter.php(353): CodeIgniter\CodeIgniter->handleRequest(null, Object(Config\Cache), false)
 7 FCPATH\index.php(79): CodeIgniter\CodeIgniter->run()
 8 SYSTEMPATH\Commands\Server\rewrite.php(47): require_once('C:\\Users\\lenovo\\Desktop\\lat1\\public\\index.php')
CRITICAL - 2023-10-26 16:09:02 --> Invalid file: "portofolio.php"
in SYSTEMPATH\Exceptions\FrameworkException.php on line 39.
 1 SYSTEMPATH\View\View.php(214): CodeIgniter\Exceptions\FrameworkException::forInvalidFile('portofolio.php')
 2 SYSTEMPATH\Common.php(1188): CodeIgniter\View\View->render('portofolio', [], true)
 3 APPPATH\Controllers\Portofolio.php(9): view('portofolio')
 4 SYSTEMPATH\CodeIgniter.php(919): App\Controllers\Portofolio->index()
 5 SYSTEMPATH\CodeIgniter.php(494): CodeIgniter\CodeIgniter->runController(Object(App\Controllers\Portofolio))
 6 SYSTEMPATH\CodeIgniter.php(353): CodeIgniter\CodeIgniter->handleRequest(null, Object(Config\Cache), false)
 7 FCPATH\index.php(79): CodeIgniter\CodeIgniter->run()
 8 SYSTEMPATH\Commands\Server\rewrite.php(47): require_once('C:\\Users\\lenovo\\Desktop\\lat1\\public\\index.php')
CRITICAL - 2023-10-26 16:15:24 --> syntax error, unexpected token "{"
in APPPATH\Controllers\Home.php on line 18.
 1 SYSTEMPATH\Router\Router.php(512): CodeIgniter\Router\AutoRouter->getRoute('home', 'get')
 2 SYSTEMPATH\Router\Router.php(208): CodeIgniter\Router\Router->autoRoute('home')
 3 SYSTEMPATH\CodeIgniter.php(800): CodeIgniter\Router\Router->handle('home')
 4 SYSTEMPATH\CodeIgniter.php(442): CodeIgniter\CodeIgniter->tryToRouteIt(Object(CodeIgniter\Router\RouteCollection))
 5 SYSTEMPATH\CodeIgniter.php(353): CodeIgniter\CodeIgniter->handleRequest(null, Object(Config\Cache), false)
 6 FCPATH\index.php(79): CodeIgniter\CodeIgniter->run()
 7 SYSTEMPATH\Commands\Server\rewrite.php(47): require_once('C:\\Users\\lenovo\\Desktop\\lat1\\public\\index.php')
CRITICAL - 2023-10-26 16:15:49 --> Unsupported operand types: string + string
in APPPATH\Controllers\Home.php on line 27.
 1 SYSTEMPATH\CodeIgniter.php(919): App\Controllers\Home->proses()
 2 SYSTEMPATH\CodeIgniter.php(494): CodeIgniter\CodeIgniter->runController(Object(App\Controllers\Home))
 3 SYSTEMPATH\CodeIgniter.php(353): CodeIgniter\CodeIgniter->handleRequest(null, Object(Config\Cache), false)
 4 FCPATH\index.php(79): CodeIgniter\CodeIgniter->run()
 5 SYSTEMPATH\Commands\Server\rewrite.php(47): require_once('C:\\Users\\lenovo\\Desktop\\lat1\\public\\index.php')
