CRITICAL - 2023-11-01 04:55:46 --> syntax error, unexpected variable "$data"
in APPPATH\Controllers\Home.php on line 69.
 1 SYSTEMPATH\Router\Router.php(512): CodeIgniter\Router\AutoRouter->getRoute('Home/tampil', 'get')
 2 SYSTEMPATH\Router\Router.php(208): CodeIgniter\Router\Router->autoRoute('Home/tampil')
 3 SYSTEMPATH\CodeIgniter.php(800): CodeIgniter\Router\Router->handle('Home/tampil')
 4 SYSTEMPATH\CodeIgniter.php(442): CodeIgniter\CodeIgniter->tryToRouteIt(Object(CodeIgniter\Router\RouteCollection))
 5 SYSTEMPATH\CodeIgniter.php(353): CodeIgniter\CodeIgniter->handleRequest(null, Object(Config\Cache), false)
 6 FCPATH\index.php(79): CodeIgniter\CodeIgniter->run()
 7 SYSTEMPATH\Commands\Server\rewrite.php(47): require_once('C:\\Users\\lenovo\\OneDrive\\Desktop\\Latihan-1\\public\\index.php')
CRITICAL - 2023-11-01 04:58:19 --> syntax error, unexpected variable "$data"
in APPPATH\Controllers\Home.php on line 69.
 1 SYSTEMPATH\Router\Router.php(512): CodeIgniter\Router\AutoRouter->getRoute('Home/tampil', 'get')
 2 SYSTEMPATH\Router\Router.php(208): CodeIgniter\Router\Router->autoRoute('Home/tampil')
 3 SYSTEMPATH\CodeIgniter.php(800): CodeIgniter\Router\Router->handle('Home/tampil')
 4 SYSTEMPATH\CodeIgniter.php(442): CodeIgniter\CodeIgniter->tryToRouteIt(Object(CodeIgniter\Router\RouteCollection))
 5 SYSTEMPATH\CodeIgniter.php(353): CodeIgniter\CodeIgniter->handleRequest(null, Object(Config\Cache), false)
 6 FCPATH\index.php(79): CodeIgniter\CodeIgniter->run()
 7 SYSTEMPATH\Commands\Server\rewrite.php(47): require_once('C:\\Users\\lenovo\\OneDrive\\Desktop\\Latihan-1\\public\\index.php')
CRITICAL - 2023-11-01 04:58:22 --> syntax error, unexpected variable "$data"
in APPPATH\Controllers\Home.php on line 69.
 1 SYSTEMPATH\Router\Router.php(512): CodeIgniter\Router\AutoRouter->getRoute('Home/tampil', 'get')
 2 SYSTEMPATH\Router\Router.php(208): CodeIgniter\Router\Router->autoRoute('Home/tampil')
 3 SYSTEMPATH\CodeIgniter.php(800): CodeIgniter\Router\Router->handle('Home/tampil')
 4 SYSTEMPATH\CodeIgniter.php(442): CodeIgniter\CodeIgniter->tryToRouteIt(Object(CodeIgniter\Router\RouteCollection))
 5 SYSTEMPATH\CodeIgniter.php(353): CodeIgniter\CodeIgniter->handleRequest(null, Object(Config\Cache), false)
 6 FCPATH\index.php(79): CodeIgniter\CodeIgniter->run()
 7 SYSTEMPATH\Commands\Server\rewrite.php(47): require_once('C:\\Users\\lenovo\\OneDrive\\Desktop\\Latihan-1\\public\\index.php')
CRITICAL - 2023-11-01 05:01:06 --> syntax error, unexpected identifier "alert", expecting "," or ";"
in APPPATH\Controllers\Home.php on line 80.
 1 SYSTEMPATH\Router\Router.php(512): CodeIgniter\Router\AutoRouter->getRoute('Home/tampil', 'get')
 2 SYSTEMPATH\Router\Router.php(208): CodeIgniter\Router\Router->autoRoute('Home/tampil')
 3 SYSTEMPATH\CodeIgniter.php(800): CodeIgniter\Router\Router->handle('Home/tampil')
 4 SYSTEMPATH\CodeIgniter.php(442): CodeIgniter\CodeIgniter->tryToRouteIt(Object(CodeIgniter\Router\RouteCollection))
 5 SYSTEMPATH\CodeIgniter.php(353): CodeIgniter\CodeIgniter->handleRequest(null, Object(Config\Cache), false)
 6 FCPATH\index.php(79): CodeIgniter\CodeIgniter->run()
 7 SYSTEMPATH\Commands\Server\rewrite.php(47): require_once('C:\\Users\\lenovo\\OneDrive\\Desktop\\Latihan-1\\public\\index.php')
CRITICAL - 2023-11-01 05:07:39 --> syntax error, unexpected token "}", expecting "," or ";"
in APPPATH\Controllers\Home.php on line 83.
 1 SYSTEMPATH\Router\Router.php(512): CodeIgniter\Router\AutoRouter->getRoute('Home/tampil', 'get')
 2 SYSTEMPATH\Router\Router.php(208): CodeIgniter\Router\Router->autoRoute('Home/tampil')
 3 SYSTEMPATH\CodeIgniter.php(800): CodeIgniter\Router\Router->handle('Home/tampil')
 4 SYSTEMPATH\CodeIgniter.php(442): CodeIgniter\CodeIgniter->tryToRouteIt(Object(CodeIgniter\Router\RouteCollection))
 5 SYSTEMPATH\CodeIgniter.php(353): CodeIgniter\CodeIgniter->handleRequest(null, Object(Config\Cache), false)
 6 FCPATH\index.php(79): CodeIgniter\CodeIgniter->run()
 7 SYSTEMPATH\Commands\Server\rewrite.php(47): require_once('C:\\Users\\lenovo\\OneDrive\\Desktop\\Latihan-1\\public\\index.php')
ERROR - 2023-11-01 05:08:40 --> Error connecting to the database: mysqli_sql_exception: No connection could be made because the target machine actively refused it in C:\Users\lenovo\OneDrive\Desktop\Latihan-1\system\Database\MySQLi\Connection.php:184
Stack trace:
#0 C:\Users\lenovo\OneDrive\Desktop\Latihan-1\system\Database\MySQLi\Connection.php(184): mysqli->real_connect('localhost', 'root', Object(SensitiveParameterValue), 'dbstmik', 3306, '', 0)
#1 C:\Users\lenovo\OneDrive\Desktop\Latihan-1\system\Database\BaseConnection.php(391): CodeIgniter\Database\MySQLi\Connection->connect(false)
#2 C:\Users\lenovo\OneDrive\Desktop\Latihan-1\system\Database\BaseConnection.php(574): CodeIgniter\Database\BaseConnection->initialize()
#3 C:\Users\lenovo\OneDrive\Desktop\Latihan-1\system\Database\BaseBuilder.php(1615): CodeIgniter\Database\BaseConnection->query('SELECT *\nFROM `...', Array, false)
#4 C:\Users\lenovo\OneDrive\Desktop\Latihan-1\app\Controllers\Home.php(95): CodeIgniter\Database\BaseBuilder->get()
#5 C:\Users\lenovo\OneDrive\Desktop\Latihan-1\system\CodeIgniter.php(919): App\Controllers\Home->tampil()
#6 C:\Users\lenovo\OneDrive\Desktop\Latihan-1\system\CodeIgniter.php(494): CodeIgniter\CodeIgniter->runController(Object(App\Controllers\Home))
#7 C:\Users\lenovo\OneDrive\Desktop\Latihan-1\system\CodeIgniter.php(353): CodeIgniter\CodeIgniter->handleRequest(NULL, Object(Config\Cache), false)
#8 C:\Users\lenovo\OneDrive\Desktop\Latihan-1\public\index.php(79): CodeIgniter\CodeIgniter->run()
#9 C:\Users\lenovo\OneDrive\Desktop\Latihan-1\system\Commands\Server\rewrite.php(47): require_once('C:\\Users\\lenovo...')
#10 {main}

Next CodeIgniter\Database\Exceptions\DatabaseException: No connection could be made because the target machine actively refused it in C:\Users\lenovo\OneDrive\Desktop\Latihan-1\system\Database\MySQLi\Connection.php:229
Stack trace:
#0 C:\Users\lenovo\OneDrive\Desktop\Latihan-1\system\Database\BaseConnection.php(391): CodeIgniter\Database\MySQLi\Connection->connect(false)
#1 C:\Users\lenovo\OneDrive\Desktop\Latihan-1\system\Database\BaseConnection.php(574): CodeIgniter\Database\BaseConnection->initialize()
#2 C:\Users\lenovo\OneDrive\Desktop\Latihan-1\system\Database\BaseBuilder.php(1615): CodeIgniter\Database\BaseConnection->query('SELECT *\nFROM `...', Array, false)
#3 C:\Users\lenovo\OneDrive\Desktop\Latihan-1\app\Controllers\Home.php(95): CodeIgniter\Database\BaseBuilder->get()
#4 C:\Users\lenovo\OneDrive\Desktop\Latihan-1\system\CodeIgniter.php(919): App\Controllers\Home->tampil()
#5 C:\Users\lenovo\OneDrive\Desktop\Latihan-1\system\CodeIgniter.php(494): CodeIgniter\CodeIgniter->runController(Object(App\Controllers\Home))
#6 C:\Users\lenovo\OneDrive\Desktop\Latihan-1\system\CodeIgniter.php(353): CodeIgniter\CodeIgniter->handleRequest(NULL, Object(Config\Cache), false)
#7 C:\Users\lenovo\OneDrive\Desktop\Latihan-1\public\index.php(79): CodeIgniter\CodeIgniter->run()
#8 C:\Users\lenovo\OneDrive\Desktop\Latihan-1\system\Commands\Server\rewrite.php(47): require_once('C:\\Users\\lenovo...')
#9 {main}
CRITICAL - 2023-11-01 05:08:40 --> Unable to connect to the database.
Main connection [MySQLi]: No connection could be made because the target machine actively refused it
in SYSTEMPATH\Database\BaseConnection.php on line 427.
 1 SYSTEMPATH\Database\BaseConnection.php(574): CodeIgniter\Database\BaseConnection->initialize()
 2 SYSTEMPATH\Database\BaseBuilder.php(1615): CodeIgniter\Database\BaseConnection->query('SELECT *
FROM `sppd`', [], false)
 3 APPPATH\Controllers\Home.php(95): CodeIgniter\Database\BaseBuilder->get()
 4 SYSTEMPATH\CodeIgniter.php(919): App\Controllers\Home->tampil()
 5 SYSTEMPATH\CodeIgniter.php(494): CodeIgniter\CodeIgniter->runController(Object(App\Controllers\Home))
 6 SYSTEMPATH\CodeIgniter.php(353): CodeIgniter\CodeIgniter->handleRequest(null, Object(Config\Cache), false)
 7 FCPATH\index.php(79): CodeIgniter\CodeIgniter->run()
 8 SYSTEMPATH\Commands\Server\rewrite.php(47): require_once('C:\\Users\\lenovo\\OneDrive\\Desktop\\Latihan-1\\public\\index.php')
ERROR - 2023-11-01 05:15:21 --> Error connecting to the database: mysqli_sql_exception: No connection could be made because the target machine actively refused it in C:\Users\lenovo\OneDrive\Desktop\Latihan-1\system\Database\MySQLi\Connection.php:184
Stack trace:
#0 C:\Users\lenovo\OneDrive\Desktop\Latihan-1\system\Database\MySQLi\Connection.php(184): mysqli->real_connect('localhost', 'root', Object(SensitiveParameterValue), 'dbstmik', 3306, '', 0)
#1 C:\Users\lenovo\OneDrive\Desktop\Latihan-1\system\Database\BaseConnection.php(391): CodeIgniter\Database\MySQLi\Connection->connect(false)
#2 C:\Users\lenovo\OneDrive\Desktop\Latihan-1\system\Database\BaseConnection.php(574): CodeIgniter\Database\BaseConnection->initialize()
#3 C:\Users\lenovo\OneDrive\Desktop\Latihan-1\system\Database\BaseBuilder.php(1615): CodeIgniter\Database\BaseConnection->query('SELECT *\nFROM `...', Array, false)
#4 C:\Users\lenovo\OneDrive\Desktop\Latihan-1\app\Controllers\Home.php(95): CodeIgniter\Database\BaseBuilder->get()
#5 C:\Users\lenovo\OneDrive\Desktop\Latihan-1\system\CodeIgniter.php(919): App\Controllers\Home->tampil()
#6 C:\Users\lenovo\OneDrive\Desktop\Latihan-1\system\CodeIgniter.php(494): CodeIgniter\CodeIgniter->runController(Object(App\Controllers\Home))
#7 C:\Users\lenovo\OneDrive\Desktop\Latihan-1\system\CodeIgniter.php(353): CodeIgniter\CodeIgniter->handleRequest(NULL, Object(Config\Cache), false)
#8 C:\Users\lenovo\OneDrive\Desktop\Latihan-1\public\index.php(79): CodeIgniter\CodeIgniter->run()
#9 C:\Users\lenovo\OneDrive\Desktop\Latihan-1\system\Commands\Server\rewrite.php(47): require_once('C:\\Users\\lenovo...')
#10 {main}

Next CodeIgniter\Database\Exceptions\DatabaseException: No connection could be made because the target machine actively refused it in C:\Users\lenovo\OneDrive\Desktop\Latihan-1\system\Database\MySQLi\Connection.php:229
Stack trace:
#0 C:\Users\lenovo\OneDrive\Desktop\Latihan-1\system\Database\BaseConnection.php(391): CodeIgniter\Database\MySQLi\Connection->connect(false)
#1 C:\Users\lenovo\OneDrive\Desktop\Latihan-1\system\Database\BaseConnection.php(574): CodeIgniter\Database\BaseConnection->initialize()
#2 C:\Users\lenovo\OneDrive\Desktop\Latihan-1\system\Database\BaseBuilder.php(1615): CodeIgniter\Database\BaseConnection->query('SELECT *\nFROM `...', Array, false)
#3 C:\Users\lenovo\OneDrive\Desktop\Latihan-1\app\Controllers\Home.php(95): CodeIgniter\Database\BaseBuilder->get()
#4 C:\Users\lenovo\OneDrive\Desktop\Latihan-1\system\CodeIgniter.php(919): App\Controllers\Home->tampil()
#5 C:\Users\lenovo\OneDrive\Desktop\Latihan-1\system\CodeIgniter.php(494): CodeIgniter\CodeIgniter->runController(Object(App\Controllers\Home))
#6 C:\Users\lenovo\OneDrive\Desktop\Latihan-1\system\CodeIgniter.php(353): CodeIgniter\CodeIgniter->handleRequest(NULL, Object(Config\Cache), false)
#7 C:\Users\lenovo\OneDrive\Desktop\Latihan-1\public\index.php(79): CodeIgniter\CodeIgniter->run()
#8 C:\Users\lenovo\OneDrive\Desktop\Latihan-1\system\Commands\Server\rewrite.php(47): require_once('C:\\Users\\lenovo...')
#9 {main}
CRITICAL - 2023-11-01 05:15:21 --> Unable to connect to the database.
Main connection [MySQLi]: No connection could be made because the target machine actively refused it
in SYSTEMPATH\Database\BaseConnection.php on line 427.
 1 SYSTEMPATH\Database\BaseConnection.php(574): CodeIgniter\Database\BaseConnection->initialize()
 2 SYSTEMPATH\Database\BaseBuilder.php(1615): CodeIgniter\Database\BaseConnection->query('SELECT *
FROM `sppd`', [], false)
 3 APPPATH\Controllers\Home.php(95): CodeIgniter\Database\BaseBuilder->get()
 4 SYSTEMPATH\CodeIgniter.php(919): App\Controllers\Home->tampil()
 5 SYSTEMPATH\CodeIgniter.php(494): CodeIgniter\CodeIgniter->runController(Object(App\Controllers\Home))
 6 SYSTEMPATH\CodeIgniter.php(353): CodeIgniter\CodeIgniter->handleRequest(null, Object(Config\Cache), false)
 7 FCPATH\index.php(79): CodeIgniter\CodeIgniter->run()
 8 SYSTEMPATH\Commands\Server\rewrite.php(47): require_once('C:\\Users\\lenovo\\OneDrive\\Desktop\\Latihan-1\\public\\index.php')
ERROR - 2023-11-01 05:18:01 --> Error connecting to the database: mysqli_sql_exception: No connection could be made because the target machine actively refused it in C:\Users\lenovo\OneDrive\Desktop\Latihan-1\system\Database\MySQLi\Connection.php:184
Stack trace:
#0 C:\Users\lenovo\OneDrive\Desktop\Latihan-1\system\Database\MySQLi\Connection.php(184): mysqli->real_connect('localhost', 'root', Object(SensitiveParameterValue), 'dbstmik', 3306, '', 0)
#1 C:\Users\lenovo\OneDrive\Desktop\Latihan-1\system\Database\BaseConnection.php(391): CodeIgniter\Database\MySQLi\Connection->connect(false)
#2 C:\Users\lenovo\OneDrive\Desktop\Latihan-1\system\Database\BaseConnection.php(574): CodeIgniter\Database\BaseConnection->initialize()
#3 C:\Users\lenovo\OneDrive\Desktop\Latihan-1\system\Database\BaseBuilder.php(1615): CodeIgniter\Database\BaseConnection->query('SELECT *\nFROM `...', Array, false)
#4 C:\Users\lenovo\OneDrive\Desktop\Latihan-1\app\Controllers\Home.php(95): CodeIgniter\Database\BaseBuilder->get()
#5 C:\Users\lenovo\OneDrive\Desktop\Latihan-1\system\CodeIgniter.php(919): App\Controllers\Home->tampil()
#6 C:\Users\lenovo\OneDrive\Desktop\Latihan-1\system\CodeIgniter.php(494): CodeIgniter\CodeIgniter->runController(Object(App\Controllers\Home))
#7 C:\Users\lenovo\OneDrive\Desktop\Latihan-1\system\CodeIgniter.php(353): CodeIgniter\CodeIgniter->handleRequest(NULL, Object(Config\Cache), false)
#8 C:\Users\lenovo\OneDrive\Desktop\Latihan-1\public\index.php(79): CodeIgniter\CodeIgniter->run()
#9 C:\Users\lenovo\OneDrive\Desktop\Latihan-1\system\Commands\Server\rewrite.php(47): require_once('C:\\Users\\lenovo...')
#10 {main}

Next CodeIgniter\Database\Exceptions\DatabaseException: No connection could be made because the target machine actively refused it in C:\Users\lenovo\OneDrive\Desktop\Latihan-1\system\Database\MySQLi\Connection.php:229
Stack trace:
#0 C:\Users\lenovo\OneDrive\Desktop\Latihan-1\system\Database\BaseConnection.php(391): CodeIgniter\Database\MySQLi\Connection->connect(false)
#1 C:\Users\lenovo\OneDrive\Desktop\Latihan-1\system\Database\BaseConnection.php(574): CodeIgniter\Database\BaseConnection->initialize()
#2 C:\Users\lenovo\OneDrive\Desktop\Latihan-1\system\Database\BaseBuilder.php(1615): CodeIgniter\Database\BaseConnection->query('SELECT *\nFROM `...', Array, false)
#3 C:\Users\lenovo\OneDrive\Desktop\Latihan-1\app\Controllers\Home.php(95): CodeIgniter\Database\BaseBuilder->get()
#4 C:\Users\lenovo\OneDrive\Desktop\Latihan-1\system\CodeIgniter.php(919): App\Controllers\Home->tampil()
#5 C:\Users\lenovo\OneDrive\Desktop\Latihan-1\system\CodeIgniter.php(494): CodeIgniter\CodeIgniter->runController(Object(App\Controllers\Home))
#6 C:\Users\lenovo\OneDrive\Desktop\Latihan-1\system\CodeIgniter.php(353): CodeIgniter\CodeIgniter->handleRequest(NULL, Object(Config\Cache), false)
#7 C:\Users\lenovo\OneDrive\Desktop\Latihan-1\public\index.php(79): CodeIgniter\CodeIgniter->run()
#8 C:\Users\lenovo\OneDrive\Desktop\Latihan-1\system\Commands\Server\rewrite.php(47): require_once('C:\\Users\\lenovo...')
#9 {main}
CRITICAL - 2023-11-01 05:18:01 --> Unable to connect to the database.
Main connection [MySQLi]: No connection could be made because the target machine actively refused it
in SYSTEMPATH\Database\BaseConnection.php on line 427.
 1 SYSTEMPATH\Database\BaseConnection.php(574): CodeIgniter\Database\BaseConnection->initialize()
 2 SYSTEMPATH\Database\BaseBuilder.php(1615): CodeIgniter\Database\BaseConnection->query('SELECT *
FROM `sppd`', [], false)
 3 APPPATH\Controllers\Home.php(95): CodeIgniter\Database\BaseBuilder->get()
 4 SYSTEMPATH\CodeIgniter.php(919): App\Controllers\Home->tampil()
 5 SYSTEMPATH\CodeIgniter.php(494): CodeIgniter\CodeIgniter->runController(Object(App\Controllers\Home))
 6 SYSTEMPATH\CodeIgniter.php(353): CodeIgniter\CodeIgniter->handleRequest(null, Object(Config\Cache), false)
 7 FCPATH\index.php(79): CodeIgniter\CodeIgniter->run()
 8 SYSTEMPATH\Commands\Server\rewrite.php(47): require_once('C:\\Users\\lenovo\\OneDrive\\Desktop\\Latihan-1\\public\\index.php')
ERROR - 2023-11-01 05:23:09 --> Error connecting to the database: mysqli_sql_exception: No connection could be made because the target machine actively refused it in C:\Users\lenovo\OneDrive\Desktop\Latihan-1\system\Database\MySQLi\Connection.php:184
Stack trace:
#0 C:\Users\lenovo\OneDrive\Desktop\Latihan-1\system\Database\MySQLi\Connection.php(184): mysqli->real_connect('localhost', 'root', Object(SensitiveParameterValue), 'dbstmik', 3306, '', 0)
#1 C:\Users\lenovo\OneDrive\Desktop\Latihan-1\system\Database\BaseConnection.php(391): CodeIgniter\Database\MySQLi\Connection->connect(false)
#2 C:\Users\lenovo\OneDrive\Desktop\Latihan-1\system\Database\BaseConnection.php(574): CodeIgniter\Database\BaseConnection->initialize()
#3 C:\Users\lenovo\OneDrive\Desktop\Latihan-1\system\Database\BaseBuilder.php(1615): CodeIgniter\Database\BaseConnection->query('SELECT *\nFROM `...', Array, false)
#4 C:\Users\lenovo\OneDrive\Desktop\Latihan-1\app\Controllers\Home.php(95): CodeIgniter\Database\BaseBuilder->get()
#5 C:\Users\lenovo\OneDrive\Desktop\Latihan-1\system\CodeIgniter.php(919): App\Controllers\Home->tampil()
#6 C:\Users\lenovo\OneDrive\Desktop\Latihan-1\system\CodeIgniter.php(494): CodeIgniter\CodeIgniter->runController(Object(App\Controllers\Home))
#7 C:\Users\lenovo\OneDrive\Desktop\Latihan-1\system\CodeIgniter.php(353): CodeIgniter\CodeIgniter->handleRequest(NULL, Object(Config\Cache), false)
#8 C:\Users\lenovo\OneDrive\Desktop\Latihan-1\public\index.php(79): CodeIgniter\CodeIgniter->run()
#9 C:\Users\lenovo\OneDrive\Desktop\Latihan-1\system\Commands\Server\rewrite.php(47): require_once('C:\\Users\\lenovo...')
#10 {main}

Next CodeIgniter\Database\Exceptions\DatabaseException: No connection could be made because the target machine actively refused it in C:\Users\lenovo\OneDrive\Desktop\Latihan-1\system\Database\MySQLi\Connection.php:229
Stack trace:
#0 C:\Users\lenovo\OneDrive\Desktop\Latihan-1\system\Database\BaseConnection.php(391): CodeIgniter\Database\MySQLi\Connection->connect(false)
#1 C:\Users\lenovo\OneDrive\Desktop\Latihan-1\system\Database\BaseConnection.php(574): CodeIgniter\Database\BaseConnection->initialize()
#2 C:\Users\lenovo\OneDrive\Desktop\Latihan-1\system\Database\BaseBuilder.php(1615): CodeIgniter\Database\BaseConnection->query('SELECT *\nFROM `...', Array, false)
#3 C:\Users\lenovo\OneDrive\Desktop\Latihan-1\app\Controllers\Home.php(95): CodeIgniter\Database\BaseBuilder->get()
#4 C:\Users\lenovo\OneDrive\Desktop\Latihan-1\system\CodeIgniter.php(919): App\Controllers\Home->tampil()
#5 C:\Users\lenovo\OneDrive\Desktop\Latihan-1\system\CodeIgniter.php(494): CodeIgniter\CodeIgniter->runController(Object(App\Controllers\Home))
#6 C:\Users\lenovo\OneDrive\Desktop\Latihan-1\system\CodeIgniter.php(353): CodeIgniter\CodeIgniter->handleRequest(NULL, Object(Config\Cache), false)
#7 C:\Users\lenovo\OneDrive\Desktop\Latihan-1\public\index.php(79): CodeIgniter\CodeIgniter->run()
#8 C:\Users\lenovo\OneDrive\Desktop\Latihan-1\system\Commands\Server\rewrite.php(47): require_once('C:\\Users\\lenovo...')
#9 {main}
CRITICAL - 2023-11-01 05:23:09 --> Unable to connect to the database.
Main connection [MySQLi]: No connection could be made because the target machine actively refused it
in SYSTEMPATH\Database\BaseConnection.php on line 427.
 1 SYSTEMPATH\Database\BaseConnection.php(574): CodeIgniter\Database\BaseConnection->initialize()
 2 SYSTEMPATH\Database\BaseBuilder.php(1615): CodeIgniter\Database\BaseConnection->query('SELECT *
FROM `sppd`', [], false)
 3 APPPATH\Controllers\Home.php(95): CodeIgniter\Database\BaseBuilder->get()
 4 SYSTEMPATH\CodeIgniter.php(919): App\Controllers\Home->tampil()
 5 SYSTEMPATH\CodeIgniter.php(494): CodeIgniter\CodeIgniter->runController(Object(App\Controllers\Home))
 6 SYSTEMPATH\CodeIgniter.php(353): CodeIgniter\CodeIgniter->handleRequest(null, Object(Config\Cache), false)
 7 FCPATH\index.php(79): CodeIgniter\CodeIgniter->run()
 8 SYSTEMPATH\Commands\Server\rewrite.php(47): require_once('C:\\Users\\lenovo\\OneDrive\\Desktop\\Latihan-1\\public\\index.php')
ERROR - 2023-11-01 05:23:38 --> Error connecting to the database: mysqli_sql_exception: No connection could be made because the target machine actively refused it in C:\Users\lenovo\OneDrive\Desktop\Latihan-1\system\Database\MySQLi\Connection.php:184
Stack trace:
#0 C:\Users\lenovo\OneDrive\Desktop\Latihan-1\system\Database\MySQLi\Connection.php(184): mysqli->real_connect('localhost', 'root', Object(SensitiveParameterValue), 'dbstmik', 3306, '', 0)
#1 C:\Users\lenovo\OneDrive\Desktop\Latihan-1\system\Database\BaseConnection.php(391): CodeIgniter\Database\MySQLi\Connection->connect(false)
#2 C:\Users\lenovo\OneDrive\Desktop\Latihan-1\system\Database\BaseConnection.php(574): CodeIgniter\Database\BaseConnection->initialize()
#3 C:\Users\lenovo\OneDrive\Desktop\Latihan-1\system\Database\BaseBuilder.php(2308): CodeIgniter\Database\BaseConnection->query('INSERT INTO `sp...', Array, false)
#4 C:\Users\lenovo\OneDrive\Desktop\Latihan-1\app\Controllers\Home.php(77): CodeIgniter\Database\BaseBuilder->insert(Array)
#5 C:\Users\lenovo\OneDrive\Desktop\Latihan-1\system\CodeIgniter.php(919): App\Controllers\Home->simpan()
#6 C:\Users\lenovo\OneDrive\Desktop\Latihan-1\system\CodeIgniter.php(494): CodeIgniter\CodeIgniter->runController(Object(App\Controllers\Home))
#7 C:\Users\lenovo\OneDrive\Desktop\Latihan-1\system\CodeIgniter.php(353): CodeIgniter\CodeIgniter->handleRequest(NULL, Object(Config\Cache), false)
#8 C:\Users\lenovo\OneDrive\Desktop\Latihan-1\public\index.php(79): CodeIgniter\CodeIgniter->run()
#9 C:\Users\lenovo\OneDrive\Desktop\Latihan-1\system\Commands\Server\rewrite.php(47): require_once('C:\\Users\\lenovo...')
#10 {main}

Next CodeIgniter\Database\Exceptions\DatabaseException: No connection could be made because the target machine actively refused it in C:\Users\lenovo\OneDrive\Desktop\Latihan-1\system\Database\MySQLi\Connection.php:229
Stack trace:
#0 C:\Users\lenovo\OneDrive\Desktop\Latihan-1\system\Database\BaseConnection.php(391): CodeIgniter\Database\MySQLi\Connection->connect(false)
#1 C:\Users\lenovo\OneDrive\Desktop\Latihan-1\system\Database\BaseConnection.php(574): CodeIgniter\Database\BaseConnection->initialize()
#2 C:\Users\lenovo\OneDrive\Desktop\Latihan-1\system\Database\BaseBuilder.php(2308): CodeIgniter\Database\BaseConnection->query('INSERT INTO `sp...', Array, false)
#3 C:\Users\lenovo\OneDrive\Desktop\Latihan-1\app\Controllers\Home.php(77): CodeIgniter\Database\BaseBuilder->insert(Array)
#4 C:\Users\lenovo\OneDrive\Desktop\Latihan-1\system\CodeIgniter.php(919): App\Controllers\Home->simpan()
#5 C:\Users\lenovo\OneDrive\Desktop\Latihan-1\system\CodeIgniter.php(494): CodeIgniter\CodeIgniter->runController(Object(App\Controllers\Home))
#6 C:\Users\lenovo\OneDrive\Desktop\Latihan-1\system\CodeIgniter.php(353): CodeIgniter\CodeIgniter->handleRequest(NULL, Object(Config\Cache), false)
#7 C:\Users\lenovo\OneDrive\Desktop\Latihan-1\public\index.php(79): CodeIgniter\CodeIgniter->run()
#8 C:\Users\lenovo\OneDrive\Desktop\Latihan-1\system\Commands\Server\rewrite.php(47): require_once('C:\\Users\\lenovo...')
#9 {main}
CRITICAL - 2023-11-01 05:23:38 --> Unable to connect to the database.
Main connection [MySQLi]: No connection could be made because the target machine actively refused it
in SYSTEMPATH\Database\BaseConnection.php on line 427.
 1 SYSTEMPATH\Database\BaseConnection.php(574): CodeIgniter\Database\BaseConnection->initialize()
 2 SYSTEMPATH\Database\BaseBuilder.php(2308): CodeIgniter\Database\BaseConnection->query('INSERT INTO `sppd` (`kode`, `agenda`, `btransportasi`, `bpenginapan`, `bpokok`, `total`) VALUES (:kode:, :agenda:, :btransportasi:, :bpenginapan:, :bpokok:, :total:)', [...], false)
 3 APPPATH\Controllers\Home.php(77): CodeIgniter\Database\BaseBuilder->insert([...])
 4 SYSTEMPATH\CodeIgniter.php(919): App\Controllers\Home->simpan()
 5 SYSTEMPATH\CodeIgniter.php(494): CodeIgniter\CodeIgniter->runController(Object(App\Controllers\Home))
 6 SYSTEMPATH\CodeIgniter.php(353): CodeIgniter\CodeIgniter->handleRequest(null, Object(Config\Cache), false)
 7 FCPATH\index.php(79): CodeIgniter\CodeIgniter->run()
 8 SYSTEMPATH\Commands\Server\rewrite.php(47): require_once('C:\\Users\\lenovo\\OneDrive\\Desktop\\Latihan-1\\public\\index.php')
CRITICAL - 2023-11-01 05:23:58 --> Invalid file: "dtravel.php"
in SYSTEMPATH\Exceptions\FrameworkException.php on line 39.
 1 SYSTEMPATH\View\View.php(214): CodeIgniter\Exceptions\FrameworkException::forInvalidFile('dtravel.php')
 2 SYSTEMPATH\Common.php(1188): CodeIgniter\View\View->render('dtravel', [], true)
 3 APPPATH\Controllers\Home.php(19): view('dtravel')
 4 SYSTEMPATH\CodeIgniter.php(919): App\Controllers\Home->travel()
 5 SYSTEMPATH\CodeIgniter.php(494): CodeIgniter\CodeIgniter->runController(Object(App\Controllers\Home))
 6 SYSTEMPATH\CodeIgniter.php(353): CodeIgniter\CodeIgniter->handleRequest(null, Object(Config\Cache), false)
 7 FCPATH\index.php(79): CodeIgniter\CodeIgniter->run()
 8 SYSTEMPATH\Commands\Server\rewrite.php(47): require_once('C:\\Users\\lenovo\\OneDrive\\Desktop\\Latihan-1\\public\\index.php')
ERROR - 2023-11-01 05:24:39 --> Error connecting to the database: mysqli_sql_exception: No connection could be made because the target machine actively refused it in C:\Users\lenovo\OneDrive\Desktop\Latihan-1\system\Database\MySQLi\Connection.php:184
Stack trace:
#0 C:\Users\lenovo\OneDrive\Desktop\Latihan-1\system\Database\MySQLi\Connection.php(184): mysqli->real_connect('localhost', 'root', Object(SensitiveParameterValue), 'dbstmik', 3306, '', 0)
#1 C:\Users\lenovo\OneDrive\Desktop\Latihan-1\system\Database\BaseConnection.php(391): CodeIgniter\Database\MySQLi\Connection->connect(false)
#2 C:\Users\lenovo\OneDrive\Desktop\Latihan-1\system\Database\BaseConnection.php(574): CodeIgniter\Database\BaseConnection->initialize()
#3 C:\Users\lenovo\OneDrive\Desktop\Latihan-1\system\Database\BaseBuilder.php(2308): CodeIgniter\Database\BaseConnection->query('INSERT INTO `sp...', Array, false)
#4 C:\Users\lenovo\OneDrive\Desktop\Latihan-1\app\Controllers\Home.php(77): CodeIgniter\Database\BaseBuilder->insert(Array)
#5 C:\Users\lenovo\OneDrive\Desktop\Latihan-1\system\CodeIgniter.php(919): App\Controllers\Home->simpan()
#6 C:\Users\lenovo\OneDrive\Desktop\Latihan-1\system\CodeIgniter.php(494): CodeIgniter\CodeIgniter->runController(Object(App\Controllers\Home))
#7 C:\Users\lenovo\OneDrive\Desktop\Latihan-1\system\CodeIgniter.php(353): CodeIgniter\CodeIgniter->handleRequest(NULL, Object(Config\Cache), false)
#8 C:\Users\lenovo\OneDrive\Desktop\Latihan-1\public\index.php(79): CodeIgniter\CodeIgniter->run()
#9 C:\Users\lenovo\OneDrive\Desktop\Latihan-1\system\Commands\Server\rewrite.php(47): require_once('C:\\Users\\lenovo...')
#10 {main}

Next CodeIgniter\Database\Exceptions\DatabaseException: No connection could be made because the target machine actively refused it in C:\Users\lenovo\OneDrive\Desktop\Latihan-1\system\Database\MySQLi\Connection.php:229
Stack trace:
#0 C:\Users\lenovo\OneDrive\Desktop\Latihan-1\system\Database\BaseConnection.php(391): CodeIgniter\Database\MySQLi\Connection->connect(false)
#1 C:\Users\lenovo\OneDrive\Desktop\Latihan-1\system\Database\BaseConnection.php(574): CodeIgniter\Database\BaseConnection->initialize()
#2 C:\Users\lenovo\OneDrive\Desktop\Latihan-1\system\Database\BaseBuilder.php(2308): CodeIgniter\Database\BaseConnection->query('INSERT INTO `sp...', Array, false)
#3 C:\Users\lenovo\OneDrive\Desktop\Latihan-1\app\Controllers\Home.php(77): CodeIgniter\Database\BaseBuilder->insert(Array)
#4 C:\Users\lenovo\OneDrive\Desktop\Latihan-1\system\CodeIgniter.php(919): App\Controllers\Home->simpan()
#5 C:\Users\lenovo\OneDrive\Desktop\Latihan-1\system\CodeIgniter.php(494): CodeIgniter\CodeIgniter->runController(Object(App\Controllers\Home))
#6 C:\Users\lenovo\OneDrive\Desktop\Latihan-1\system\CodeIgniter.php(353): CodeIgniter\CodeIgniter->handleRequest(NULL, Object(Config\Cache), false)
#7 C:\Users\lenovo\OneDrive\Desktop\Latihan-1\public\index.php(79): CodeIgniter\CodeIgniter->run()
#8 C:\Users\lenovo\OneDrive\Desktop\Latihan-1\system\Commands\Server\rewrite.php(47): require_once('C:\\Users\\lenovo...')
#9 {main}
CRITICAL - 2023-11-01 05:24:39 --> Unable to connect to the database.
Main connection [MySQLi]: No connection could be made because the target machine actively refused it
in SYSTEMPATH\Database\BaseConnection.php on line 427.
 1 SYSTEMPATH\Database\BaseConnection.php(574): CodeIgniter\Database\BaseConnection->initialize()
 2 SYSTEMPATH\Database\BaseBuilder.php(2308): CodeIgniter\Database\BaseConnection->query('INSERT INTO `sppd` (`kode`, `agenda`, `btransportasi`, `bpenginapan`, `bpokok`, `total`) VALUES (:kode:, :agenda:, :btransportasi:, :bpenginapan:, :bpokok:, :total:)', [...], false)
 3 APPPATH\Controllers\Home.php(77): CodeIgniter\Database\BaseBuilder->insert([...])
 4 SYSTEMPATH\CodeIgniter.php(919): App\Controllers\Home->simpan()
 5 SYSTEMPATH\CodeIgniter.php(494): CodeIgniter\CodeIgniter->runController(Object(App\Controllers\Home))
 6 SYSTEMPATH\CodeIgniter.php(353): CodeIgniter\CodeIgniter->handleRequest(null, Object(Config\Cache), false)
 7 FCPATH\index.php(79): CodeIgniter\CodeIgniter->run()
 8 SYSTEMPATH\Commands\Server\rewrite.php(47): require_once('C:\\Users\\lenovo\\OneDrive\\Desktop\\Latihan-1\\public\\index.php')
