ERROR - 2023-11-06 04:51:06 --> Error connecting to the database: mysqli_sql_exception: No connection could be made because the target machine actively refused it in C:\Users\lenovo\OneDrive\Desktop\Latihan-1\system\Database\MySQLi\Connection.php:184
Stack trace:
#0 C:\Users\lenovo\OneDrive\Desktop\Latihan-1\system\Database\MySQLi\Connection.php(184): mysqli->real_connect('localhost', 'root', Object(SensitiveParameterValue), 'dbstmik', 3306, '', 0)
#1 C:\Users\lenovo\OneDrive\Desktop\Latihan-1\system\Database\BaseConnection.php(391): CodeIgniter\Database\MySQLi\Connection->connect(false)
#2 C:\Users\lenovo\OneDrive\Desktop\Latihan-1\system\Database\BaseConnection.php(574): CodeIgniter\Database\BaseConnection->initialize()
#3 C:\Users\lenovo\OneDrive\Desktop\Latihan-1\system\Database\BaseBuilder.php(2308): CodeIgniter\Database\BaseConnection->query('INSERT INTO `sp...', Array, false)
#4 C:\Users\lenovo\OneDrive\Desktop\Latihan-1\app\Controllers\Quiz.php(27): CodeIgniter\Database\BaseBuilder->insert(Array)
#5 C:\Users\lenovo\OneDrive\Desktop\Latihan-1\system\CodeIgniter.php(919): App\Controllers\Quiz->simpan()
#6 C:\Users\lenovo\OneDrive\Desktop\Latihan-1\system\CodeIgniter.php(494): CodeIgniter\CodeIgniter->runController(Object(App\Controllers\Quiz))
#7 C:\Users\lenovo\OneDrive\Desktop\Latihan-1\system\CodeIgniter.php(353): CodeIgniter\CodeIgniter->handleRequest(NULL, Object(Config\Cache), false)
#8 C:\Users\lenovo\OneDrive\Desktop\Latihan-1\public\index.php(79): CodeIgniter\CodeIgniter->run()
#9 C:\Users\lenovo\OneDrive\Desktop\Latihan-1\system\Commands\Server\rewrite.php(47): require_once('C:\\Users\\lenovo...')
#10 {main}

Next CodeIgniter\Database\Exceptions\DatabaseException: No connection could be made because the target machine actively refused it in C:\Users\lenovo\OneDrive\Desktop\Latihan-1\system\Database\MySQLi\Connection.php:229
Stack trace:
#0 C:\Users\lenovo\OneDrive\Desktop\Latihan-1\system\Database\BaseConnection.php(391): CodeIgniter\Database\MySQLi\Connection->connect(false)
#1 C:\Users\lenovo\OneDrive\Desktop\Latihan-1\system\Database\BaseConnection.php(574): CodeIgniter\Database\BaseConnection->initialize()
#2 C:\Users\lenovo\OneDrive\Desktop\Latihan-1\system\Database\BaseBuilder.php(2308): CodeIgniter\Database\BaseConnection->query('INSERT INTO `sp...', Array, false)
#3 C:\Users\lenovo\OneDrive\Desktop\Latihan-1\app\Controllers\Quiz.php(27): CodeIgniter\Database\BaseBuilder->insert(Array)
#4 C:\Users\lenovo\OneDrive\Desktop\Latihan-1\system\CodeIgniter.php(919): App\Controllers\Quiz->simpan()
#5 C:\Users\lenovo\OneDrive\Desktop\Latihan-1\system\CodeIgniter.php(494): CodeIgniter\CodeIgniter->runController(Object(App\Controllers\Quiz))
#6 C:\Users\lenovo\OneDrive\Desktop\Latihan-1\system\CodeIgniter.php(353): CodeIgniter\CodeIgniter->handleRequest(NULL, Object(Config\Cache), false)
#7 C:\Users\lenovo\OneDrive\Desktop\Latihan-1\public\index.php(79): CodeIgniter\CodeIgniter->run()
#8 C:\Users\lenovo\OneDrive\Desktop\Latihan-1\system\Commands\Server\rewrite.php(47): require_once('C:\\Users\\lenovo...')
#9 {main}
CRITICAL - 2023-11-06 04:51:06 --> Unable to connect to the database.
Main connection [MySQLi]: No connection could be made because the target machine actively refused it
in SYSTEMPATH\Database\BaseConnection.php on line 427.
 1 SYSTEMPATH\Database\BaseConnection.php(574): CodeIgniter\Database\BaseConnection->initialize()
 2 SYSTEMPATH\Database\BaseBuilder.php(2308): CodeIgniter\Database\BaseConnection->query('INSERT INTO `sppd` (`kode`, `jenis`, `hrg`, `jml`, `total`) VALUES (:kode:, :jenis:, :hrg:, :jml:, :total:)', [...], false)
 3 APPPATH\Controllers\Quiz.php(27): CodeIgniter\Database\BaseBuilder->insert([...])
 4 SYSTEMPATH\CodeIgniter.php(919): App\Controllers\Quiz->simpan()
 5 SYSTEMPATH\CodeIgniter.php(494): CodeIgniter\CodeIgniter->runController(Object(App\Controllers\Quiz))
 6 SYSTEMPATH\CodeIgniter.php(353): CodeIgniter\CodeIgniter->handleRequest(null, Object(Config\Cache), false)
 7 FCPATH\index.php(79): CodeIgniter\CodeIgniter->run()
 8 SYSTEMPATH\Commands\Server\rewrite.php(47): require_once('C:\\Users\\lenovo\\OneDrive\\Desktop\\Latihan-1\\public\\index.php')
ERROR - 2023-11-06 04:58:18 --> Error connecting to the database: mysqli_sql_exception: No connection could be made because the target machine actively refused it in C:\Users\lenovo\OneDrive\Desktop\Latihan-1\system\Database\MySQLi\Connection.php:184
Stack trace:
#0 C:\Users\lenovo\OneDrive\Desktop\Latihan-1\system\Database\MySQLi\Connection.php(184): mysqli->real_connect('localhost', 'root', Object(SensitiveParameterValue), 'dbstmik', 3306, '', 0)
#1 C:\Users\lenovo\OneDrive\Desktop\Latihan-1\system\Database\BaseConnection.php(391): CodeIgniter\Database\MySQLi\Connection->connect(false)
#2 C:\Users\lenovo\OneDrive\Desktop\Latihan-1\system\Database\BaseConnection.php(574): CodeIgniter\Database\BaseConnection->initialize()
#3 C:\Users\lenovo\OneDrive\Desktop\Latihan-1\system\Database\BaseBuilder.php(2308): CodeIgniter\Database\BaseConnection->query('INSERT INTO `sp...', Array, false)
#4 C:\Users\lenovo\OneDrive\Desktop\Latihan-1\app\Controllers\Quiz.php(27): CodeIgniter\Database\BaseBuilder->insert(Array)
#5 C:\Users\lenovo\OneDrive\Desktop\Latihan-1\system\CodeIgniter.php(919): App\Controllers\Quiz->simpan()
#6 C:\Users\lenovo\OneDrive\Desktop\Latihan-1\system\CodeIgniter.php(494): CodeIgniter\CodeIgniter->runController(Object(App\Controllers\Quiz))
#7 C:\Users\lenovo\OneDrive\Desktop\Latihan-1\system\CodeIgniter.php(353): CodeIgniter\CodeIgniter->handleRequest(NULL, Object(Config\Cache), false)
#8 C:\Users\lenovo\OneDrive\Desktop\Latihan-1\public\index.php(79): CodeIgniter\CodeIgniter->run()
#9 C:\Users\lenovo\OneDrive\Desktop\Latihan-1\system\Commands\Server\rewrite.php(47): require_once('C:\\Users\\lenovo...')
#10 {main}

Next CodeIgniter\Database\Exceptions\DatabaseException: No connection could be made because the target machine actively refused it in C:\Users\lenovo\OneDrive\Desktop\Latihan-1\system\Database\MySQLi\Connection.php:229
Stack trace:
#0 C:\Users\lenovo\OneDrive\Desktop\Latihan-1\system\Database\BaseConnection.php(391): CodeIgniter\Database\MySQLi\Connection->connect(false)
#1 C:\Users\lenovo\OneDrive\Desktop\Latihan-1\system\Database\BaseConnection.php(574): CodeIgniter\Database\BaseConnection->initialize()
#2 C:\Users\lenovo\OneDrive\Desktop\Latihan-1\system\Database\BaseBuilder.php(2308): CodeIgniter\Database\BaseConnection->query('INSERT INTO `sp...', Array, false)
#3 C:\Users\lenovo\OneDrive\Desktop\Latihan-1\app\Controllers\Quiz.php(27): CodeIgniter\Database\BaseBuilder->insert(Array)
#4 C:\Users\lenovo\OneDrive\Desktop\Latihan-1\system\CodeIgniter.php(919): App\Controllers\Quiz->simpan()
#5 C:\Users\lenovo\OneDrive\Desktop\Latihan-1\system\CodeIgniter.php(494): CodeIgniter\CodeIgniter->runController(Object(App\Controllers\Quiz))
#6 C:\Users\lenovo\OneDrive\Desktop\Latihan-1\system\CodeIgniter.php(353): CodeIgniter\CodeIgniter->handleRequest(NULL, Object(Config\Cache), false)
#7 C:\Users\lenovo\OneDrive\Desktop\Latihan-1\public\index.php(79): CodeIgniter\CodeIgniter->run()
#8 C:\Users\lenovo\OneDrive\Desktop\Latihan-1\system\Commands\Server\rewrite.php(47): require_once('C:\\Users\\lenovo...')
#9 {main}
CRITICAL - 2023-11-06 04:58:18 --> Unable to connect to the database.
Main connection [MySQLi]: No connection could be made because the target machine actively refused it
in SYSTEMPATH\Database\BaseConnection.php on line 427.
 1 SYSTEMPATH\Database\BaseConnection.php(574): CodeIgniter\Database\BaseConnection->initialize()
 2 SYSTEMPATH\Database\BaseBuilder.php(2308): CodeIgniter\Database\BaseConnection->query('INSERT INTO `sppd` (`kode`, `jenis`, `hrg`, `jml`, `total`) VALUES (:kode:, :jenis:, :hrg:, :jml:, :total:)', [...], false)
 3 APPPATH\Controllers\Quiz.php(27): CodeIgniter\Database\BaseBuilder->insert([...])
 4 SYSTEMPATH\CodeIgniter.php(919): App\Controllers\Quiz->simpan()
 5 SYSTEMPATH\CodeIgniter.php(494): CodeIgniter\CodeIgniter->runController(Object(App\Controllers\Quiz))
 6 SYSTEMPATH\CodeIgniter.php(353): CodeIgniter\CodeIgniter->handleRequest(null, Object(Config\Cache), false)
 7 FCPATH\index.php(79): CodeIgniter\CodeIgniter->run()
 8 SYSTEMPATH\Commands\Server\rewrite.php(47): require_once('C:\\Users\\lenovo\\OneDrive\\Desktop\\Latihan-1\\public\\index.php')
ERROR - 2023-11-06 05:09:48 --> mysqli_sql_exception: Unknown column 'jenis' in 'field list' in C:\Users\lenovo\OneDrive\Desktop\Latihan-1\system\Database\MySQLi\Connection.php:306
Stack trace:
#0 C:\Users\lenovo\OneDrive\Desktop\Latihan-1\system\Database\MySQLi\Connection.php(306): mysqli->query('INSERT INTO `sp...', 0)
#1 C:\Users\lenovo\OneDrive\Desktop\Latihan-1\system\Database\BaseConnection.php(692): CodeIgniter\Database\MySQLi\Connection->execute('INSERT INTO `sp...')
#2 C:\Users\lenovo\OneDrive\Desktop\Latihan-1\system\Database\BaseConnection.php(606): CodeIgniter\Database\BaseConnection->simpleQuery('INSERT INTO `sp...')
#3 C:\Users\lenovo\OneDrive\Desktop\Latihan-1\system\Database\BaseBuilder.php(2308): CodeIgniter\Database\BaseConnection->query('INSERT INTO `sp...', Array, false)
#4 C:\Users\lenovo\OneDrive\Desktop\Latihan-1\app\Controllers\Quiz.php(27): CodeIgniter\Database\BaseBuilder->insert(Array)
#5 C:\Users\lenovo\OneDrive\Desktop\Latihan-1\system\CodeIgniter.php(919): App\Controllers\Quiz->simpan()
#6 C:\Users\lenovo\OneDrive\Desktop\Latihan-1\system\CodeIgniter.php(494): CodeIgniter\CodeIgniter->runController(Object(App\Controllers\Quiz))
#7 C:\Users\lenovo\OneDrive\Desktop\Latihan-1\system\CodeIgniter.php(353): CodeIgniter\CodeIgniter->handleRequest(NULL, Object(Config\Cache), false)
#8 C:\Users\lenovo\OneDrive\Desktop\Latihan-1\public\index.php(79): CodeIgniter\CodeIgniter->run()
#9 C:\Users\lenovo\OneDrive\Desktop\Latihan-1\system\Commands\Server\rewrite.php(47): require_once('C:\\Users\\lenovo...')
#10 {main}
CRITICAL - 2023-11-06 05:09:48 --> Unknown column 'jenis' in 'field list'
in SYSTEMPATH\Database\BaseConnection.php on line 646.
 1 SYSTEMPATH\Database\BaseBuilder.php(2308): CodeIgniter\Database\BaseConnection->query('INSERT INTO `sppd` (`kode`, `jenis`, `hrg`, `jml`, `total`) VALUES (:kode:, :jenis:, :hrg:, :jml:, :total:)', [...], false)
 2 APPPATH\Controllers\Quiz.php(27): CodeIgniter\Database\BaseBuilder->insert([...])
 3 SYSTEMPATH\CodeIgniter.php(919): App\Controllers\Quiz->simpan()
 4 SYSTEMPATH\CodeIgniter.php(494): CodeIgniter\CodeIgniter->runController(Object(App\Controllers\Quiz))
 5 SYSTEMPATH\CodeIgniter.php(353): CodeIgniter\CodeIgniter->handleRequest(null, Object(Config\Cache), false)
 6 FCPATH\index.php(79): CodeIgniter\CodeIgniter->run()
 7 SYSTEMPATH\Commands\Server\rewrite.php(47): require_once('C:\\Users\\lenovo\\OneDrive\\Desktop\\Latihan-1\\public\\index.php')
ERROR - 2023-11-06 05:09:58 --> mysqli_sql_exception: Unknown column 'jenis' in 'field list' in C:\Users\lenovo\OneDrive\Desktop\Latihan-1\system\Database\MySQLi\Connection.php:306
Stack trace:
#0 C:\Users\lenovo\OneDrive\Desktop\Latihan-1\system\Database\MySQLi\Connection.php(306): mysqli->query('INSERT INTO `sp...', 0)
#1 C:\Users\lenovo\OneDrive\Desktop\Latihan-1\system\Database\BaseConnection.php(692): CodeIgniter\Database\MySQLi\Connection->execute('INSERT INTO `sp...')
#2 C:\Users\lenovo\OneDrive\Desktop\Latihan-1\system\Database\BaseConnection.php(606): CodeIgniter\Database\BaseConnection->simpleQuery('INSERT INTO `sp...')
#3 C:\Users\lenovo\OneDrive\Desktop\Latihan-1\system\Database\BaseBuilder.php(2308): CodeIgniter\Database\BaseConnection->query('INSERT INTO `sp...', Array, false)
#4 C:\Users\lenovo\OneDrive\Desktop\Latihan-1\app\Controllers\Quiz.php(27): CodeIgniter\Database\BaseBuilder->insert(Array)
#5 C:\Users\lenovo\OneDrive\Desktop\Latihan-1\system\CodeIgniter.php(919): App\Controllers\Quiz->simpan()
#6 C:\Users\lenovo\OneDrive\Desktop\Latihan-1\system\CodeIgniter.php(494): CodeIgniter\CodeIgniter->runController(Object(App\Controllers\Quiz))
#7 C:\Users\lenovo\OneDrive\Desktop\Latihan-1\system\CodeIgniter.php(353): CodeIgniter\CodeIgniter->handleRequest(NULL, Object(Config\Cache), false)
#8 C:\Users\lenovo\OneDrive\Desktop\Latihan-1\public\index.php(79): CodeIgniter\CodeIgniter->run()
#9 C:\Users\lenovo\OneDrive\Desktop\Latihan-1\system\Commands\Server\rewrite.php(47): require_once('C:\\Users\\lenovo...')
#10 {main}
CRITICAL - 2023-11-06 05:09:58 --> Unknown column 'jenis' in 'field list'
in SYSTEMPATH\Database\BaseConnection.php on line 646.
 1 SYSTEMPATH\Database\BaseBuilder.php(2308): CodeIgniter\Database\BaseConnection->query('INSERT INTO `sppd` (`kode`, `jenis`, `hrg`, `jml`, `total`) VALUES (:kode:, :jenis:, :hrg:, :jml:, :total:)', [...], false)
 2 APPPATH\Controllers\Quiz.php(27): CodeIgniter\Database\BaseBuilder->insert([...])
 3 SYSTEMPATH\CodeIgniter.php(919): App\Controllers\Quiz->simpan()
 4 SYSTEMPATH\CodeIgniter.php(494): CodeIgniter\CodeIgniter->runController(Object(App\Controllers\Quiz))
 5 SYSTEMPATH\CodeIgniter.php(353): CodeIgniter\CodeIgniter->handleRequest(null, Object(Config\Cache), false)
 6 FCPATH\index.php(79): CodeIgniter\CodeIgniter->run()
 7 SYSTEMPATH\Commands\Server\rewrite.php(47): require_once('C:\\Users\\lenovo\\OneDrive\\Desktop\\Latihan-1\\public\\index.php')
ERROR - 2023-11-06 05:12:40 --> mysqli_sql_exception: Table 'dbstmik.jual' doesn't exist in C:\Users\lenovo\OneDrive\Desktop\Latihan-1\system\Database\MySQLi\Connection.php:306
Stack trace:
#0 C:\Users\lenovo\OneDrive\Desktop\Latihan-1\system\Database\MySQLi\Connection.php(306): mysqli->query('INSERT INTO `ju...', 0)
#1 C:\Users\lenovo\OneDrive\Desktop\Latihan-1\system\Database\BaseConnection.php(692): CodeIgniter\Database\MySQLi\Connection->execute('INSERT INTO `ju...')
#2 C:\Users\lenovo\OneDrive\Desktop\Latihan-1\system\Database\BaseConnection.php(606): CodeIgniter\Database\BaseConnection->simpleQuery('INSERT INTO `ju...')
#3 C:\Users\lenovo\OneDrive\Desktop\Latihan-1\system\Database\BaseBuilder.php(2308): CodeIgniter\Database\BaseConnection->query('INSERT INTO `ju...', Array, false)
#4 C:\Users\lenovo\OneDrive\Desktop\Latihan-1\app\Controllers\Quiz.php(27): CodeIgniter\Database\BaseBuilder->insert(Array)
#5 C:\Users\lenovo\OneDrive\Desktop\Latihan-1\system\CodeIgniter.php(919): App\Controllers\Quiz->simpan()
#6 C:\Users\lenovo\OneDrive\Desktop\Latihan-1\system\CodeIgniter.php(494): CodeIgniter\CodeIgniter->runController(Object(App\Controllers\Quiz))
#7 C:\Users\lenovo\OneDrive\Desktop\Latihan-1\system\CodeIgniter.php(353): CodeIgniter\CodeIgniter->handleRequest(NULL, Object(Config\Cache), false)
#8 C:\Users\lenovo\OneDrive\Desktop\Latihan-1\public\index.php(79): CodeIgniter\CodeIgniter->run()
#9 C:\Users\lenovo\OneDrive\Desktop\Latihan-1\system\Commands\Server\rewrite.php(47): require_once('C:\\Users\\lenovo...')
#10 {main}
CRITICAL - 2023-11-06 05:12:40 --> Table 'dbstmik.jual' doesn't exist
in SYSTEMPATH\Database\BaseConnection.php on line 646.
 1 SYSTEMPATH\Database\BaseBuilder.php(2308): CodeIgniter\Database\BaseConnection->query('INSERT INTO `jual` (`kode`, `jenis`, `hrg`, `jml`, `total`) VALUES (:kode:, :jenis:, :hrg:, :jml:, :total:)', [...], false)
 2 APPPATH\Controllers\Quiz.php(27): CodeIgniter\Database\BaseBuilder->insert([...])
 3 SYSTEMPATH\CodeIgniter.php(919): App\Controllers\Quiz->simpan()
 4 SYSTEMPATH\CodeIgniter.php(494): CodeIgniter\CodeIgniter->runController(Object(App\Controllers\Quiz))
 5 SYSTEMPATH\CodeIgniter.php(353): CodeIgniter\CodeIgniter->handleRequest(null, Object(Config\Cache), false)
 6 FCPATH\index.php(79): CodeIgniter\CodeIgniter->run()
 7 SYSTEMPATH\Commands\Server\rewrite.php(47): require_once('C:\\Users\\lenovo\\OneDrive\\Desktop\\Latihan-1\\public\\index.php')
ERROR - 2023-11-06 05:13:59 --> mysqli_sql_exception: Unknown column 'hrg' in 'field list' in C:\Users\lenovo\OneDrive\Desktop\Latihan-1\system\Database\MySQLi\Connection.php:306
Stack trace:
#0 C:\Users\lenovo\OneDrive\Desktop\Latihan-1\system\Database\MySQLi\Connection.php(306): mysqli->query('INSERT INTO `ju...', 0)
#1 C:\Users\lenovo\OneDrive\Desktop\Latihan-1\system\Database\BaseConnection.php(692): CodeIgniter\Database\MySQLi\Connection->execute('INSERT INTO `ju...')
#2 C:\Users\lenovo\OneDrive\Desktop\Latihan-1\system\Database\BaseConnection.php(606): CodeIgniter\Database\BaseConnection->simpleQuery('INSERT INTO `ju...')
#3 C:\Users\lenovo\OneDrive\Desktop\Latihan-1\system\Database\BaseBuilder.php(2308): CodeIgniter\Database\BaseConnection->query('INSERT INTO `ju...', Array, false)
#4 C:\Users\lenovo\OneDrive\Desktop\Latihan-1\app\Controllers\Quiz.php(27): CodeIgniter\Database\BaseBuilder->insert(Array)
#5 C:\Users\lenovo\OneDrive\Desktop\Latihan-1\system\CodeIgniter.php(919): App\Controllers\Quiz->simpan()
#6 C:\Users\lenovo\OneDrive\Desktop\Latihan-1\system\CodeIgniter.php(494): CodeIgniter\CodeIgniter->runController(Object(App\Controllers\Quiz))
#7 C:\Users\lenovo\OneDrive\Desktop\Latihan-1\system\CodeIgniter.php(353): CodeIgniter\CodeIgniter->handleRequest(NULL, Object(Config\Cache), false)
#8 C:\Users\lenovo\OneDrive\Desktop\Latihan-1\public\index.php(79): CodeIgniter\CodeIgniter->run()
#9 C:\Users\lenovo\OneDrive\Desktop\Latihan-1\system\Commands\Server\rewrite.php(47): require_once('C:\\Users\\lenovo...')
#10 {main}
CRITICAL - 2023-11-06 05:13:59 --> Unknown column 'hrg' in 'field list'
in SYSTEMPATH\Database\BaseConnection.php on line 646.
 1 SYSTEMPATH\Database\BaseBuilder.php(2308): CodeIgniter\Database\BaseConnection->query('INSERT INTO `jual` (`kode`, `jenis`, `hrg`, `jml`, `total`) VALUES (:kode:, :jenis:, :hrg:, :jml:, :total:)', [...], false)
 2 APPPATH\Controllers\Quiz.php(27): CodeIgniter\Database\BaseBuilder->insert([...])
 3 SYSTEMPATH\CodeIgniter.php(919): App\Controllers\Quiz->simpan()
 4 SYSTEMPATH\CodeIgniter.php(494): CodeIgniter\CodeIgniter->runController(Object(App\Controllers\Quiz))
 5 SYSTEMPATH\CodeIgniter.php(353): CodeIgniter\CodeIgniter->handleRequest(null, Object(Config\Cache), false)
 6 FCPATH\index.php(79): CodeIgniter\CodeIgniter->run()
 7 SYSTEMPATH\Commands\Server\rewrite.php(47): require_once('C:\\Users\\lenovo\\OneDrive\\Desktop\\Latihan-1\\public\\index.php')
CRITICAL - 2023-11-06 05:15:23 --> Undefined variable $sppdok
in APPPATH\Views\tampilsppd.php on line 31.
 1 APPPATH\Views\tampilsppd.php(31): CodeIgniter\Debug\Exceptions->errorHandler(2, 'Undefined variable $sppdok', 'C:\\Users\\lenovo\\OneDrive\\Desktop\\Latihan-1\\app\\Views\\tampilsppd.php', 31)
 2 SYSTEMPATH\View\View.php(226): include('C:\\Users\\lenovo\\OneDrive\\Desktop\\Latihan-1\\app\\Views\\tampilsppd.php')
 3 SYSTEMPATH\View\View.php(229): CodeIgniter\View\View->CodeIgniter\View\{closure}()
 4 SYSTEMPATH\Common.php(1188): CodeIgniter\View\View->render('tampilsppd', [], true)
 5 APPPATH\Controllers\Quiz.php(14): view('tampilsppd', [...])
 6 SYSTEMPATH\CodeIgniter.php(919): App\Controllers\Quiz->tampil()
 7 SYSTEMPATH\CodeIgniter.php(494): CodeIgniter\CodeIgniter->runController(Object(App\Controllers\Quiz))
 8 SYSTEMPATH\CodeIgniter.php(353): CodeIgniter\CodeIgniter->handleRequest(null, Object(Config\Cache), false)
 9 FCPATH\index.php(79): CodeIgniter\CodeIgniter->run()
10 SYSTEMPATH\Commands\Server\rewrite.php(47): require_once('C:\\Users\\lenovo\\OneDrive\\Desktop\\Latihan-1\\public\\index.php')
CRITICAL - 2023-11-06 05:16:38 --> Undefined variable $sppdok
in APPPATH\Views\tampilsppd.php on line 31.
 1 APPPATH\Views\tampilsppd.php(31): CodeIgniter\Debug\Exceptions->errorHandler(2, 'Undefined variable $sppdok', 'C:\\Users\\lenovo\\OneDrive\\Desktop\\Latihan-1\\app\\Views\\tampilsppd.php', 31)
 2 SYSTEMPATH\View\View.php(226): include('C:\\Users\\lenovo\\OneDrive\\Desktop\\Latihan-1\\app\\Views\\tampilsppd.php')
 3 SYSTEMPATH\View\View.php(229): CodeIgniter\View\View->CodeIgniter\View\{closure}()
 4 SYSTEMPATH\Common.php(1188): CodeIgniter\View\View->render('tampilsppd', [], true)
 5 APPPATH\Controllers\Quiz.php(14): view('tampilsppd', [...])
 6 SYSTEMPATH\CodeIgniter.php(919): App\Controllers\Quiz->tampil()
 7 SYSTEMPATH\CodeIgniter.php(494): CodeIgniter\CodeIgniter->runController(Object(App\Controllers\Quiz))
 8 SYSTEMPATH\CodeIgniter.php(353): CodeIgniter\CodeIgniter->handleRequest(null, Object(Config\Cache), false)
 9 FCPATH\index.php(79): CodeIgniter\CodeIgniter->run()
10 SYSTEMPATH\Commands\Server\rewrite.php(47): require_once('C:\\Users\\lenovo\\OneDrive\\Desktop\\Latihan-1\\public\\index.php')
ERROR - 2023-11-06 05:39:01 --> mysqli_sql_exception: Duplicate entry 'b001' for key 'PRIMARY' in C:\Users\lenovo\OneDrive\Desktop\Latihan-1\system\Database\MySQLi\Connection.php:306
Stack trace:
#0 C:\Users\lenovo\OneDrive\Desktop\Latihan-1\system\Database\MySQLi\Connection.php(306): mysqli->query('INSERT INTO `ju...', 0)
#1 C:\Users\lenovo\OneDrive\Desktop\Latihan-1\system\Database\BaseConnection.php(692): CodeIgniter\Database\MySQLi\Connection->execute('INSERT INTO `ju...')
#2 C:\Users\lenovo\OneDrive\Desktop\Latihan-1\system\Database\BaseConnection.php(606): CodeIgniter\Database\BaseConnection->simpleQuery('INSERT INTO `ju...')
#3 C:\Users\lenovo\OneDrive\Desktop\Latihan-1\system\Database\BaseBuilder.php(2308): CodeIgniter\Database\BaseConnection->query('INSERT INTO `ju...', Array, false)
#4 C:\Users\lenovo\OneDrive\Desktop\Latihan-1\app\Controllers\Quiz.php(27): CodeIgniter\Database\BaseBuilder->insert(Array)
#5 C:\Users\lenovo\OneDrive\Desktop\Latihan-1\system\CodeIgniter.php(919): App\Controllers\Quiz->simpan()
#6 C:\Users\lenovo\OneDrive\Desktop\Latihan-1\system\CodeIgniter.php(494): CodeIgniter\CodeIgniter->runController(Object(App\Controllers\Quiz))
#7 C:\Users\lenovo\OneDrive\Desktop\Latihan-1\system\CodeIgniter.php(353): CodeIgniter\CodeIgniter->handleRequest(NULL, Object(Config\Cache), false)
#8 C:\Users\lenovo\OneDrive\Desktop\Latihan-1\public\index.php(79): CodeIgniter\CodeIgniter->run()
#9 C:\Users\lenovo\OneDrive\Desktop\Latihan-1\system\Commands\Server\rewrite.php(47): require_once('C:\\Users\\lenovo...')
#10 {main}
CRITICAL - 2023-11-06 05:39:01 --> Duplicate entry 'b001' for key 'PRIMARY'
in SYSTEMPATH\Database\BaseConnection.php on line 646.
 1 SYSTEMPATH\Database\BaseBuilder.php(2308): CodeIgniter\Database\BaseConnection->query('INSERT INTO `jual` (`kode`, `jenis`, `hrg`, `jml`, `total`) VALUES (:kode:, :jenis:, :hrg:, :jml:, :total:)', [...], false)
 2 APPPATH\Controllers\Quiz.php(27): CodeIgniter\Database\BaseBuilder->insert([...])
 3 SYSTEMPATH\CodeIgniter.php(919): App\Controllers\Quiz->simpan()
 4 SYSTEMPATH\CodeIgniter.php(494): CodeIgniter\CodeIgniter->runController(Object(App\Controllers\Quiz))
 5 SYSTEMPATH\CodeIgniter.php(353): CodeIgniter\CodeIgniter->handleRequest(null, Object(Config\Cache), false)
 6 FCPATH\index.php(79): CodeIgniter\CodeIgniter->run()
 7 SYSTEMPATH\Commands\Server\rewrite.php(47): require_once('C:\\Users\\lenovo\\OneDrive\\Desktop\\Latihan-1\\public\\index.php')
